INFO application-akka.actor.default-dispatcher-5 de.htwg.dog.view.tui.Tui - 

   |  P0  |  P0  |  P0  |  P0  |                                         |      |  P1  |  P1  |  P1  |   
   | H3P0 | H2P0 | H1P0 | H0P0 |                                         | H0P1 | H1P1 | H2P1 | H3P1 |   
                            |                                               |                            
          ------------------|-----------------------------------------------|------------------          
          |   |   |   |   |   |   |   |   |   |   |   |   |   |   |   |   |   |   | P1|   |   |          
          |S44|S45|S46|S47|S0 |S1 |S2 |S3 |S4 |S5 |S6 |S7 |S8 |S9 |S10|S11|S12|S13|S14|S15|S16|          
----------------------------|-----------------------------------------------|--------------------------------
|         |                 |                                               |                 |         |
|      S43|                 |                                               |                 |S17      |
|         |           |F0P0|F1P0|F2P0|F3P0|                   |F3P1|F2P1|F1P1|F0P1|           |         |
|----------           |    |    |    |    |                   |    |    |    |    |           ----------|
|         |                                                                                   |         |
|      S42|                                                                                   |S18      |
|         |                                                                                   |         |
|----------           |    |    |    |    |                   |    |    |    |    |           ----------|
|         |           |F0P3|F0P3|F0P3|F0P3|                   |F3P2|F2P2|F1P2|F0P2|           |         |
|      S41|                 |                                               |                 |S19      |
|         |                 |                                               |                 |         |
----------------------------|-----------------------------------------------|----------------------------
          |S40|S39|S38|S37|S36|S35|S34|S33|S32|S31|S30|S29|S28|S27|S26|S25|S24|S23|S22|S21|S20|          
          |   |   |   |   | P3|   |   |   |   |   |   |   |   |   |   |   |   |   |   |   | P2|          
          ------------------|-----------------------------------------------|------------------          
                            |                                               |                            
   | H3P3 | H2P3 | H1P3 | H0P3 |                                         | H0P2 | H1P2 | H2P2 | H3P2 |   
   |  P3  |  P3  |  P3  |      |                                         |      |  P2  |  P2  |  P2  |   

Player: Player 3
Cards: [DIAMOND_J, DIAMOND_Q, HEART_A, SPADE_5, SPADE_J]
Selected [  ,  , ]
Turn was successfull.
Commands:
New Game = "new", Exit game = "exit": , Execute Turn = "turn"
Discard cards = "discard", Select card = "card,[name]", Select square = "square,[name]"
INFO application-akka.actor.default-dispatcher-5 de.htwg.dog.view.tui.Tui - 

   |  P0  |  P0  |  P0  |  P0  |                                         |      |  P1  |  P1  |  P1  |   
   | H3P0 | H2P0 | H1P0 | H0P0 |                                         | H0P1 | H1P1 | H2P1 | H3P1 |   
                            |                                               |                            
          ------------------|-----------------------------------------------|------------------          
          |   |   |   |   |   |   |   |   |   |   |   |   |   |   |   |   |   |   | P3|   |   |          
          |S44|S45|S46|S47|S0 |S1 |S2 |S3 |S4 |S5 |S6 |S7 |S8 |S9 |S10|S11|S12|S13|S14|S15|S16|          
----------------------------|-----------------------------------------------|--------------------------------
|         |                 |                                               |                 |         |
|      S43|                 |                                               |                 |S17      |
|         |           |F0P0|F1P0|F2P0|F3P0|                   |F3P1|F2P1|F1P1|F0P1|           |         |
|----------           |    |    |    |    |                   |    |    |    |    |           ----------|
|         |                                                                                   |         |
|      S42|                                                                                   |S18      |
|         |                                                                                   |         |
|----------           |    |    |    |    |                   |    |    |    |    |           ----------|
|         |           |F0P3|F0P3|F0P3|F0P3|                   |F3P2|F2P2|F1P2|F0P2|           |         |
|      S41|                 |                                               |                 |S19      |
|         |                 |                                               |                 |         |
----------------------------|-----------------------------------------------|----------------------------
          |S40|S39|S38|S37|S36|S35|S34|S33|S32|S31|S30|S29|S28|S27|S26|S25|S24|S23|S22|S21|S20|          
          |   |   |   |   | P1|   |   |   |   |   |   |   |   |   |   |   |   |   |   |   | P2|          
          ------------------|-----------------------------------------------|------------------          
                            |                                               |                            
   | H3P3 | H2P3 | H1P3 | H0P3 |                                         | H0P2 | H1P2 | H2P2 | H3P2 |   
   |  P3  |  P3  |  P3  |      |                                         |      |  P2  |  P2  |  P2  |   

Player: Player 1
Cards: [CLUB_2, CLUB_8, DIAMOND_2, DIAMOND_8]
Selected [  ,  , ]
Turn was successfull.
Commands:
New Game = "new", Exit game = "exit": , Execute Turn = "turn"
Discard cards = "discard", Select card = "card,[name]", Select square = "square,[name]"
INFO application-akka.actor.default-dispatcher-5 de.htwg.dog.view.tui.Tui - 

   |  P0  |  P0  |  P0  |  P0  |                                         |      |  P1  |  P1  |  P1  |   
   | H3P0 | H2P0 | H1P0 | H0P0 |                                         | H0P1 | H1P1 | H2P1 | H3P1 |   
                            |                                               |                            
          ------------------|-----------------------------------------------|------------------          
          | P1|   |   |   |   |   |   |   |   |   |   |   |   |   |   |   |   |   | P3|   |   |          
          |S44|S45|S46|S47|S0 |S1 |S2 |S3 |S4 |S5 |S6 |S7 |S8 |S9 |S10|S11|S12|S13|S14|S15|S16|          
----------------------------|-----------------------------------------------|--------------------------------
|         |                 |                                               |                 |         |
|      S43|                 |                                               |                 |S17      |
|         |           |F0P0|F1P0|F2P0|F3P0|                   |F3P1|F2P1|F1P1|F0P1|           |         |
|----------           |    |    |    |    |                   |    |    |    |    |           ----------|
|         |                                                                                   |         |
|      S42|                                                                                   |S18      |
|         |                                                                                   |         |
|----------           |    |    |    |    |                   |    |    |    |    |           ----------|
|         |           |F0P3|F0P3|F0P3|F0P3|                   |F3P2|F2P2|F1P2|F0P2|           |         |
|      S41|                 |                                               |                 |S19      |
|         |                 |                                               |                 |         |
----------------------------|-----------------------------------------------|----------------------------
          |S40|S39|S38|S37|S36|S35|S34|S33|S32|S31|S30|S29|S28|S27|S26|S25|S24|S23|S22|S21|S20|          
          |   |   |   |   |   |   |   |   |   |   |   |   |   |   |   |   |   |   |   |   | P2|          
          ------------------|-----------------------------------------------|------------------          
                            |                                               |                            
   | H3P3 | H2P3 | H1P3 | H0P3 |                                         | H0P2 | H1P2 | H2P2 | H3P2 |   
   |  P3  |  P3  |  P3  |      |                                         |      |  P2  |  P2  |  P2  |   

Player: Player 2
Cards: [CLUB_4, CLUB_Q, HEART_10, SPADE_9]
Selected [  ,  , ]
Turn was successfull.
Commands:
New Game = "new", Exit game = "exit": , Execute Turn = "turn"
Discard cards = "discard", Select card = "card,[name]", Select square = "square,[name]"
INFO application-akka.actor.default-dispatcher-6 de.htwg.dog.view.tui.Tui - 

   |  P0  |  P0  |  P0  |  P0  |                                         |      |  P1  |  P1  |  P1  |   
   | H3P0 | H2P0 | H1P0 | H0P0 |                                         | H0P1 | H1P1 | H2P1 | H3P1 |   
                            |                                               |                            
          ------------------|-----------------------------------------------|------------------          
          | P1|   |   |   |   |   |   |   |   |   |   |   |   |   |   |   |   |   | P3|   |   |          
          |S44|S45|S46|S47|S0 |S1 |S2 |S3 |S4 |S5 |S6 |S7 |S8 |S9 |S10|S11|S12|S13|S14|S15|S16|          
----------------------------|-----------------------------------------------|--------------------------------
|         |                 |                                               |                 |         |
|      S43|                 |                                               |                 |S17      |
|         |           |F0P0|F1P0|F2P0|F3P0|                   |F3P1|F2P1|F1P1|F0P1|           |         |
|----------           |    |    |    |    |                   |    |    |    |    |           ----------|
|         |                                                                                   |         |
|      S42|                                                                                   |S18      |
|         |                                                                                   |         |
|----------           |    |    |    |    |                   |    |    |    |    |           ----------|
|         |           |F0P3|F0P3|F0P3|F0P3|                   |F3P2|F2P2|F1P2|F0P2|           |         |
|      S41|                 |                                               |                 |S19      |
|         |                 |                                               |                 |         |
----------------------------|-----------------------------------------------|----------------------------
          |S40|S39|S38|S37|S36|S35|S34|S33|S32|S31|S30|S29|S28|S27|S26|S25|S24|S23|S22|S21|S20|          
          |   |   |   |   |   |   |   |   | P2|   |   |   |   |   |   |   |   |   |   |   |   |          
          ------------------|-----------------------------------------------|------------------          
                            |                                               |                            
   | H3P3 | H2P3 | H1P3 | H0P3 |                                         | H0P2 | H1P2 | H2P2 | H3P2 |   
   |  P3  |  P3  |  P3  |      |                                         |      |  P2  |  P2  |  P2  |   

Player: Player 3
Cards: [DIAMOND_Q, HEART_A, SPADE_5, SPADE_J]
Selected [  ,  , ]
Turn was successfull.
Commands:
New Game = "new", Exit game = "exit": , Execute Turn = "turn"
Discard cards = "discard", Select card = "card,[name]", Select square = "square,[name]"
INFO application-akka.actor.default-dispatcher-6 de.htwg.dog.view.tui.Tui - 

   |  P0  |  P0  |  P0  |  P0  |                                         |      |  P1  |  P1  |  P1  |   
   | H3P0 | H2P0 | H1P0 | H0P0 |                                         | H0P1 | H1P1 | H2P1 | H3P1 |   
                            |                                               |                            
          ------------------|-----------------------------------------------|------------------          
          | P1|   |   |   |   |   |   |   |   |   |   |   |   |   |   |   |   |   | P3|   |   |          
          |S44|S45|S46|S47|S0 |S1 |S2 |S3 |S4 |S5 |S6 |S7 |S8 |S9 |S10|S11|S12|S13|S14|S15|S16|          
----------------------------|-----------------------------------------------|--------------------------------
|         |                 |                                               |                 |         |
|      S43|                 |                                               |                 |S17      |
|         |           |F0P0|F1P0|F2P0|F3P0|                   |F3P1|F2P1|F1P1|F0P1|           |         |
|----------           |    |    |    |    |                   |    |    |    |    |           ----------|
|         |                                                                                   |         |
|      S42|                                                                                   |S18      |
|         |                                                                                   |         |
|----------           |    |    |    |    |                   |    |    |    |    |           ----------|
|         |           |F0P3|F0P3|F0P3|F0P3|                   |F3P2|F2P2|F1P2|F0P2|           |         |
|      S41|                 |                                               |                 |S19      |
|         |                 |                                               |                 |         |
----------------------------|-----------------------------------------------|----------------------------
          |S40|S39|S38|S37|S36|S35|S34|S33|S32|S31|S30|S29|S28|S27|S26|S25|S24|S23|S22|S21|S20|          
          |   |   |   |   | P3|   |   |   | P2|   |   |   |   |   |   |   |   |   |   |   |   |          
          ------------------|-----------------------------------------------|------------------          
                            |                                               |                            
   | H3P3 | H2P3 | H1P3 | H0P3 |                                         | H0P2 | H1P2 | H2P2 | H3P2 |   
   |  P3  |  P3  |      |      |                                         |      |  P2  |  P2  |  P2  |   

Player: Player 1
Cards: [CLUB_2, CLUB_8, DIAMOND_2]
Selected [  ,  , ]
Turn was successfull.
Commands:
New Game = "new", Exit game = "exit": , Execute Turn = "turn"
Discard cards = "discard", Select card = "card,[name]", Select square = "square,[name]"
INFO application-akka.actor.default-dispatcher-6 de.htwg.dog.view.tui.Tui - 

   |  P0  |  P0  |  P0  |  P0  |                                         |      |  P1  |  P1  |  P1  |   
   | H3P0 | H2P0 | H1P0 | H0P0 |                                         | H0P1 | H1P1 | H2P1 | H3P1 |   
                            |                                               |                            
          ------------------|-----------------------------------------------|------------------          
          |   |   |   |   |   |   |   |   | P1|   |   |   |   |   |   |   |   |   | P3|   |   |          
          |S44|S45|S46|S47|S0 |S1 |S2 |S3 |S4 |S5 |S6 |S7 |S8 |S9 |S10|S11|S12|S13|S14|S15|S16|          
----------------------------|-----------------------------------------------|--------------------------------
|         |                 |                                               |                 |         |
|      S43|                 |                                               |                 |S17      |
|         |           |F0P0|F1P0|F2P0|F3P0|                   |F3P1|F2P1|F1P1|F0P1|           |         |
|----------           |    |    |    |    |                   |    |    |    |    |           ----------|
|         |                                                                                   |         |
|      S42|                                                                                   |S18      |
|         |                                                                                   |         |
|----------           |    |    |    |    |                   |    |    |    |    |           ----------|
|         |           |F0P3|F0P3|F0P3|F0P3|                   |F3P2|F2P2|F1P2|F0P2|           |         |
|      S41|                 |                                               |                 |S19      |
|         |                 |                                               |                 |         |
----------------------------|-----------------------------------------------|----------------------------
          |S40|S39|S38|S37|S36|S35|S34|S33|S32|S31|S30|S29|S28|S27|S26|S25|S24|S23|S22|S21|S20|          
          |   |   |   |   | P3|   |   |   | P2|   |   |   |   |   |   |   |   |   |   |   |   |          
          ------------------|-----------------------------------------------|------------------          
                            |                                               |                            
   | H3P3 | H2P3 | H1P3 | H0P3 |                                         | H0P2 | H1P2 | H2P2 | H3P2 |   
   |  P3  |  P3  |      |      |                                         |      |  P2  |  P2  |  P2  |   

Player: Player 2
Cards: [CLUB_4, HEART_10, SPADE_9]
Selected [  ,  , ]
Turn was successfull.
Commands:
New Game = "new", Exit game = "exit": , Execute Turn = "turn"
Discard cards = "discard", Select card = "card,[name]", Select square = "square,[name]"
INFO application-akka.actor.default-dispatcher-5 de.htwg.dog.view.tui.Tui - 

   |  P0  |  P0  |  P0  |  P0  |                                         |      |  P1  |  P1  |  P1  |   
   | H3P0 | H2P0 | H1P0 | H0P0 |                                         | H0P1 | H1P1 | H2P1 | H3P1 |   
                            |                                               |                            
          ------------------|-----------------------------------------------|------------------          
          |   |   |   |   |   |   |   |   | P1|   |   |   |   |   |   |   |   |   | P3|   |   |          
          |S44|S45|S46|S47|S0 |S1 |S2 |S3 |S4 |S5 |S6 |S7 |S8 |S9 |S10|S11|S12|S13|S14|S15|S16|          
----------------------------|-----------------------------------------------|--------------------------------
|         |                 |                                               |                 |         |
|      S43|                 |                                               |                 |S17      |
|         |           |F0P0|F1P0|F2P0|F3P0|                   |F3P1|F2P1|F1P1|F0P1|           |         |
|----------           |    |    |    |    |                   |    |    |    |    |           ----------|
|         |                                                                                   |         |
|      S42|                                                                                   |S18      |
|         |                                                                                   |         |
|----------           |    |    |    |    |                   |    |    |    |    |           ----------|
|         |           |F0P3|F0P3|F0P3|F0P3|                   |F3P2|F2P2|F1P2|F0P2|           |         |
|  P2  S41|                 |                                               |                 |S19      |
|         |                 |                                               |                 |         |
----------------------------|-----------------------------------------------|----------------------------
          |S40|S39|S38|S37|S36|S35|S34|S33|S32|S31|S30|S29|S28|S27|S26|S25|S24|S23|S22|S21|S20|          
          |   |   |   |   | P3|   |   |   |   |   |   |   |   |   |   |   |   |   |   |   |   |          
          ------------------|-----------------------------------------------|------------------          
                            |                                               |                            
   | H3P3 | H2P3 | H1P3 | H0P3 |                                         | H0P2 | H1P2 | H2P2 | H3P2 |   
   |  P3  |  P3  |      |      |                                         |      |  P2  |  P2  |  P2  |   

Player: Player 3
Cards: [DIAMOND_Q, SPADE_5, SPADE_J]
Selected [  ,  , ]
Turn was successfull.
Commands:
New Game = "new", Exit game = "exit": , Execute Turn = "turn"
Discard cards = "discard", Select card = "card,[name]", Select square = "square,[name]"
INFO application-akka.actor.default-dispatcher-5 de.htwg.dog.view.tui.Tui - 

   |  P0  |  P0  |  P0  |  P0  |                                         |      |  P1  |  P1  |  P1  |   
   | H3P0 | H2P0 | H1P0 | H0P0 |                                         | H0P1 | H1P1 | H2P1 | H3P1 |   
                            |                                               |                            
          ------------------|-----------------------------------------------|------------------          
          |   |   |   |   |   |   |   |   | P3|   |   |   |   |   |   |   |   |   | P3|   |   |          
          |S44|S45|S46|S47|S0 |S1 |S2 |S3 |S4 |S5 |S6 |S7 |S8 |S9 |S10|S11|S12|S13|S14|S15|S16|          
----------------------------|-----------------------------------------------|--------------------------------
|         |                 |                                               |                 |         |
|      S43|                 |                                               |                 |S17      |
|         |           |F0P0|F1P0|F2P0|F3P0|                   |F3P1|F2P1|F1P1|F0P1|           |         |
|----------           |    |    |    |    |                   |    |    |    |    |           ----------|
|         |                                                                                   |         |
|      S42|                                                                                   |S18      |
|         |                                                                                   |         |
|----------           |    |    |    |    |                   |    |    |    |    |           ----------|
|         |           |F0P3|F0P3|F0P3|F0P3|                   |F3P2|F2P2|F1P2|F0P2|           |         |
|  P2  S41|                 |                                               |                 |S19      |
|         |                 |                                               |                 |         |
----------------------------|-----------------------------------------------|----------------------------
          |S40|S39|S38|S37|S36|S35|S34|S33|S32|S31|S30|S29|S28|S27|S26|S25|S24|S23|S22|S21|S20|          
          |   |   |   |   | P1|   |   |   |   |   |   |   |   |   |   |   |   |   |   |   |   |          
          ------------------|-----------------------------------------------|------------------          
                            |                                               |                            
   | H3P3 | H2P3 | H1P3 | H0P3 |                                         | H0P2 | H1P2 | H2P2 | H3P2 |   
   |  P3  |  P3  |      |      |                                         |      |  P2  |  P2  |  P2  |   

Player: Player 1
Cards: [CLUB_2, DIAMOND_2]
Selected [  ,  , ]
Turn was successfull.
Commands:
New Game = "new", Exit game = "exit": , Execute Turn = "turn"
Discard cards = "discard", Select card = "card,[name]", Select square = "square,[name]"
INFO application-akka.actor.default-dispatcher-5 de.htwg.dog.view.tui.Tui - 

   |  P0  |  P0  |  P0  |  P0  |                                         |      |  P1  |  P1  |  P1  |   
   | H3P0 | H2P0 | H1P0 | H0P0 |                                         | H0P1 | H1P1 | H2P1 | H3P1 |   
                            |                                               |                            
          ------------------|-----------------------------------------------|------------------          
          |   |   |   |   |   |   |   |   | P3|   |   |   |   |   |   |   |   |   | P3|   |   |          
          |S44|S45|S46|S47|S0 |S1 |S2 |S3 |S4 |S5 |S6 |S7 |S8 |S9 |S10|S11|S12|S13|S14|S15|S16|          
----------------------------|-----------------------------------------------|--------------------------------
|         |                 |                                               |                 |         |
|      S43|                 |                                               |                 |S17      |
|         |           |F0P0|F1P0|F2P0|F3P0|                   |F3P1|F2P1|F1P1|F0P1|           |         |
|----------           |    |    |    |    |                   |    |    |    |    |           ----------|
|         |                                                                                   |         |
|      S42|                                                                                   |S18      |
|         |                                                                                   |         |
|----------           |    |    |    |    |                   |    |    |    |    |           ----------|
|         |           |F0P3|F0P3|F0P3|F0P3|                   |F3P2|F2P2|F1P2|F0P2|           |         |
|  P2  S41|                 |                                               |                 |S19      |
|         |                 |                                               |                 |         |
----------------------------|-----------------------------------------------|----------------------------
          |S40|S39|S38|S37|S36|S35|S34|S33|S32|S31|S30|S29|S28|S27|S26|S25|S24|S23|S22|S21|S20|          
          |   |   | P1|   |   |   |   |   |   |   |   |   |   |   |   |   |   |   |   |   |   |          
          ------------------|-----------------------------------------------|------------------          
                            |                                               |                            
   | H3P3 | H2P3 | H1P3 | H0P3 |                                         | H0P2 | H1P2 | H2P2 | H3P2 |   
   |  P3  |  P3  |      |      |                                         |      |  P2  |  P2  |  P2  |   

Player: Player 2
Cards: [CLUB_4, HEART_10]
Selected [  ,  , ]
Turn was successfull.
Commands:
New Game = "new", Exit game = "exit": , Execute Turn = "turn"
Discard cards = "discard", Select card = "card,[name]", Select square = "square,[name]"
INFO application-akka.actor.default-dispatcher-5 de.htwg.dog.view.tui.Tui - 

   |  P0  |  P0  |  P0  |  P0  |                                         |      |  P1  |  P1  |  P1  |   
   | H3P0 | H2P0 | H1P0 | H0P0 |                                         | H0P1 | H1P1 | H2P1 | H3P1 |   
                            |                                               |                            
          ------------------|-----------------------------------------------|------------------          
          |   |   |   |   |   |   |   |   | P3|   |   |   |   |   |   |   |   |   | P3|   |   |          
          |S44|S45|S46|S47|S0 |S1 |S2 |S3 |S4 |S5 |S6 |S7 |S8 |S9 |S10|S11|S12|S13|S14|S15|S16|          
----------------------------|-----------------------------------------------|--------------------------------
|         |                 |                                               |                 |         |
|      S43|                 |                                               |                 |S17      |
|         |           |F0P0|F1P0|F2P0|F3P0|                   |F3P1|F2P1|F1P1|F0P1|           |         |
|----------           |    |    |    |    |                   |    |    |    |    |           ----------|
|         |                                                                                   |         |
|      S42|                                                                                   |S18      |
|         |                                                                                   |         |
|----------           |    |    |    |    |                   |    |    |    |    |           ----------|
|         |           |F0P3|F0P3|F0P3|F0P3|                   |F3P2|F2P2|F1P2|F0P2|           |         |
|      S41|                 |                                               |                 |S19      |
|         |                 |                                               |                 |         |
----------------------------|-----------------------------------------------|----------------------------
          |S40|S39|S38|S37|S36|S35|S34|S33|S32|S31|S30|S29|S28|S27|S26|S25|S24|S23|S22|S21|S20|          
          |   |   | P1| P2|   |   |   |   |   |   |   |   |   |   |   |   |   |   |   |   |   |          
          ------------------|-----------------------------------------------|------------------          
                            |                                               |                            
   | H3P3 | H2P3 | H1P3 | H0P3 |                                         | H0P2 | H1P2 | H2P2 | H3P2 |   
   |  P3  |  P3  |      |      |                                         |      |  P2  |  P2  |  P2  |   

Player: Player 3
Cards: [DIAMOND_Q, SPADE_5]
Selected [  ,  , ]
Turn was successfull.
Commands:
New Game = "new", Exit game = "exit": , Execute Turn = "turn"
Discard cards = "discard", Select card = "card,[name]", Select square = "square,[name]"
INFO application-akka.actor.default-dispatcher-6 de.htwg.dog.view.tui.Tui - 

   |  P0  |  P0  |  P0  |  P0  |                                         |      |  P1  |  P1  |  P1  |   
   | H3P0 | H2P0 | H1P0 | H0P0 |                                         | H0P1 | H1P1 | H2P1 | H3P1 |   
                            |                                               |                            
          ------------------|-----------------------------------------------|------------------          
          |   |   |   |   |   |   |   |   | P3|   |   |   |   |   |   |   |   |   |   |   |   |          
          |S44|S45|S46|S47|S0 |S1 |S2 |S3 |S4 |S5 |S6 |S7 |S8 |S9 |S10|S11|S12|S13|S14|S15|S16|          
----------------------------|-----------------------------------------------|--------------------------------
|         |                 |                                               |                 |         |
|      S43|                 |                                               |                 |S17      |
|         |           |F0P0|F1P0|F2P0|F3P0|                   |F3P1|F2P1|F1P1|F0P1|           |         |
|----------           |    |    |    |    |                   |    |    |    |    |           ----------|
|         |                                                                                   |         |
|      S42|                                                                                   |S18      |
|         |                                                                                   |         |
|----------           |    |    |    |    |                   |    |    |    |    |           ----------|
|         |           |F0P3|F0P3|F0P3|F0P3|                   |F3P2|F2P2|F1P2|F0P2|           |         |
|      S41|                 |                                               |                 |S19      |
|         |                 |                                               |                 |         |
----------------------------|-----------------------------------------------|----------------------------
          |S40|S39|S38|S37|S36|S35|S34|S33|S32|S31|S30|S29|S28|S27|S26|S25|S24|S23|S22|S21|S20|          
          |   |   | P1| P2|   |   |   |   |   |   |   |   |   |   | P3|   |   |   |   |   |   |          
          ------------------|-----------------------------------------------|------------------          
                            |                                               |                            
   | H3P3 | H2P3 | H1P3 | H0P3 |                                         | H0P2 | H1P2 | H2P2 | H3P2 |   
   |  P3  |  P3  |      |      |                                         |      |  P2  |  P2  |  P2  |   

Player: Player 1
Cards: [CLUB_2]
Selected [  ,  , ]
Turn was successfull.
Commands:
New Game = "new", Exit game = "exit": , Execute Turn = "turn"
Discard cards = "discard", Select card = "card,[name]", Select square = "square,[name]"
INFO application-akka.actor.default-dispatcher-6 de.htwg.dog.view.tui.Tui - 

   |  P0  |  P0  |  P0  |  P0  |                                         |      |  P1  |  P1  |  P1  |   
   | H3P0 | H2P0 | H1P0 | H0P0 |                                         | H0P1 | H1P1 | H2P1 | H3P1 |   
                            |                                               |                            
          ------------------|-----------------------------------------------|------------------          
          |   |   |   |   |   |   |   |   | P3|   |   |   |   |   |   |   |   |   |   |   |   |          
          |S44|S45|S46|S47|S0 |S1 |S2 |S3 |S4 |S5 |S6 |S7 |S8 |S9 |S10|S11|S12|S13|S14|S15|S16|          
----------------------------|-----------------------------------------------|--------------------------------
|         |                 |                                               |                 |         |
|      S43|                 |                                               |                 |S17      |
|         |           |F0P0|F1P0|F2P0|F3P0|                   |F3P1|F2P1|F1P1|F0P1|           |         |
|----------           |    |    |    |    |                   |    |    |    |    |           ----------|
|         |                                                                                   |         |
|      S42|                                                                                   |S18      |
|         |                                                                                   |         |
|----------           |    |    |    |    |                   |    |    |    |    |           ----------|
|         |           |F0P3|F0P3|F0P3|F0P3|                   |F3P2|F2P2|F1P2|F0P2|           |         |
|      S41|                 |                                               |                 |S19      |
|         |                 |                                               |                 |         |
----------------------------|-----------------------------------------------|----------------------------
          |S40|S39|S38|S37|S36|S35|S34|S33|S32|S31|S30|S29|S28|S27|S26|S25|S24|S23|S22|S21|S20|          
          | P1|   |   | P2|   |   |   |   |   |   |   |   |   |   | P3|   |   |   |   |   |   |          
          ------------------|-----------------------------------------------|------------------          
                            |                                               |                            
   | H3P3 | H2P3 | H1P3 | H0P3 |                                         | H0P2 | H1P2 | H2P2 | H3P2 |   
   |  P3  |  P3  |      |      |                                         |      |  P2  |  P2  |  P2  |   

Player: Player 2
Cards: [HEART_10]
Selected [  ,  , ]
Turn was successfull.
Commands:
New Game = "new", Exit game = "exit": , Execute Turn = "turn"
Discard cards = "discard", Select card = "card,[name]", Select square = "square,[name]"
INFO application-akka.actor.default-dispatcher-10 de.htwg.dog.view.tui.Tui - 

   |  P0  |  P0  |  P0  |  P0  |                                         |      |  P1  |  P1  |  P1  |   
   | H3P0 | H2P0 | H1P0 | H0P0 |                                         | H0P1 | H1P1 | H2P1 | H3P1 |   
                            |                                               |                            
          ------------------|-----------------------------------------------|------------------          
          |   |   |   | P2|   |   |   |   | P3|   |   |   |   |   |   |   |   |   |   |   |   |          
          |S44|S45|S46|S47|S0 |S1 |S2 |S3 |S4 |S5 |S6 |S7 |S8 |S9 |S10|S11|S12|S13|S14|S15|S16|          
----------------------------|-----------------------------------------------|--------------------------------
|         |                 |                                               |                 |         |
|      S43|                 |                                               |                 |S17      |
|         |           |F0P0|F1P0|F2P0|F3P0|                   |F3P1|F2P1|F1P1|F0P1|           |         |
|----------           |    |    |    |    |                   |    |    |    |    |           ----------|
|         |                                                                                   |         |
|      S42|                                                                                   |S18      |
|         |                                                                                   |         |
|----------           |    |    |    |    |                   |    |    |    |    |           ----------|
|         |           |F0P3|F0P3|F0P3|F0P3|                   |F3P2|F2P2|F1P2|F0P2|           |         |
|      S41|                 |                                               |                 |S19      |
|         |                 |                                               |                 |         |
----------------------------|-----------------------------------------------|----------------------------
          |S40|S39|S38|S37|S36|S35|S34|S33|S32|S31|S30|S29|S28|S27|S26|S25|S24|S23|S22|S21|S20|          
          | P1|   |   |   |   |   |   |   |   |   |   |   |   |   | P3|   |   |   |   |   |   |          
          ------------------|-----------------------------------------------|------------------          
                            |                                               |                            
   | H3P3 | H2P3 | H1P3 | H0P3 |                                         | H0P2 | H1P2 | H2P2 | H3P2 |   
   |  P3  |  P3  |      |      |                                         |      |  P2  |  P2  |  P2  |   

Player: Player 3
Cards: [SPADE_5]
Selected [  ,  , ]
Turn was successfull.
Commands:
New Game = "new", Exit game = "exit": , Execute Turn = "turn"
Discard cards = "discard", Select card = "card,[name]", Select square = "square,[name]"
INFO application-akka.actor.default-dispatcher-6 de.htwg.dog.view.tui.Tui - 

   |  P0  |  P0  |  P0  |  P0  |                                         |      |  P1  |  P1  |  P1  |   
   | H3P0 | H2P0 | H1P0 | H0P0 |                                         | H0P1 | H1P1 | H2P1 | H3P1 |   
                            |                                               |                            
          ------------------|-----------------------------------------------|------------------          
          |   |   |   | P2|   |   |   |   | P3|   |   |   |   |   |   |   |   |   |   |   |   |          
          |S44|S45|S46|S47|S0 |S1 |S2 |S3 |S4 |S5 |S6 |S7 |S8 |S9 |S10|S11|S12|S13|S14|S15|S16|          
----------------------------|-----------------------------------------------|--------------------------------
|         |                 |                                               |                 |         |
|      S43|                 |                                               |                 |S17      |
|         |           |F0P0|F1P0|F2P0|F3P0|                   |F3P1|F2P1|F1P1|F0P1|           |         |
|----------           |    |    |    |    |                   |    |    |    |    |           ----------|
|         |                                                                                   |         |
|      S42|                                                                                   |S18      |
|         |                                                                                   |         |
|----------           |    |    |    |    |                   |    |    |    |    |           ----------|
|         |           |F0P3|F0P3|F0P3|F0P3|                   |F3P2|F2P2|F1P2|F0P2|           |         |
|      S41|                 |                                               |                 |S19      |
|         |                 |                                               |                 |         |
----------------------------|-----------------------------------------------|----------------------------
          |S40|S39|S38|S37|S36|S35|S34|S33|S32|S31|S30|S29|S28|S27|S26|S25|S24|S23|S22|S21|S20|          
          | P1|   |   |   |   |   |   |   |   | P3|   |   |   |   |   |   |   |   |   |   |   |          
          ------------------|-----------------------------------------------|------------------          
                            |                                               |                            
   | H3P3 | H2P3 | H1P3 | H0P3 |                                         | H0P2 | H1P2 | H2P2 | H3P2 |   
   |  P3  |  P3  |      |      |                                         |      |  P2  |  P2  |  P2  |   

Player: Player 0
Cards: [CLUB_7, CLUB_K, HEART_7, HEART_9, SPADE_8]
Selected [  ,  , ]
Turn was successfull.
Commands:
New Game = "new", Exit game = "exit": , Execute Turn = "turn"
Discard cards = "discard", Select card = "card,[name]", Select square = "square,[name]"
INFO application-akka.actor.default-dispatcher-4 de.htwg.dog.view.tui.Tui - 

   |  P0  |  P0  |  P0  |      |                                         |      |  P1  |  P1  |  P1  |   
   | H3P0 | H2P0 | H1P0 | H0P0 |                                         | H0P1 | H1P1 | H2P1 | H3P1 |   
                            |                                               |                            
          ------------------|-----------------------------------------------|------------------          
          |   |   |   | P2| P0|   |   |   | P3|   |   |   |   |   |   |   |   |   |   |   |   |          
          |S44|S45|S46|S47|S0 |S1 |S2 |S3 |S4 |S5 |S6 |S7 |S8 |S9 |S10|S11|S12|S13|S14|S15|S16|          
----------------------------|-----------------------------------------------|--------------------------------
|         |                 |                                               |                 |         |
|      S43|                 |                                               |                 |S17      |
|         |           |F0P0|F1P0|F2P0|F3P0|                   |F3P1|F2P1|F1P1|F0P1|           |         |
|----------           |    |    |    |    |                   |    |    |    |    |           ----------|
|         |                                                                                   |         |
|      S42|                                                                                   |S18      |
|         |                                                                                   |         |
|----------           |    |    |    |    |                   |    |    |    |    |           ----------|
|         |           |F0P3|F0P3|F0P3|F0P3|                   |F3P2|F2P2|F1P2|F0P2|           |         |
|      S41|                 |                                               |                 |S19      |
|         |                 |                                               |                 |         |
----------------------------|-----------------------------------------------|----------------------------
          |S40|S39|S38|S37|S36|S35|S34|S33|S32|S31|S30|S29|S28|S27|S26|S25|S24|S23|S22|S21|S20|          
          | P1|   |   |   |   |   |   |   |   | P3|   |   |   |   |   |   |   |   |   |   |   |          
          ------------------|-----------------------------------------------|------------------          
                            |                                               |                            
   | H3P3 | H2P3 | H1P3 | H0P3 |                                         | H0P2 | H1P2 | H2P2 | H3P2 |   
   |  P3  |  P3  |      |      |                                         |      |  P2  |  P2  |  P2  |   

Player: Player 1
Cards: [CLUB_10, CLUB_3, DIAMOND_9, HEART_6, HEART_J]
Selected [  ,  , ]
Turn was successfull.
Commands:
New Game = "new", Exit game = "exit": , Execute Turn = "turn"
Discard cards = "discard", Select card = "card,[name]", Select square = "square,[name]"
INFO application-akka.actor.default-dispatcher-5 de.htwg.dog.view.tui.Tui - 

   |  P0  |  P0  |  P0  |      |                                         |      |  P1  |  P1  |  P1  |   
   | H3P0 | H2P0 | H1P0 | H0P0 |                                         | H0P1 | H1P1 | H2P1 | H3P1 |   
                            |                                               |                            
          ------------------|-----------------------------------------------|------------------          
          |   |   |   | P2| P1|   |   |   | P3|   |   |   |   |   |   |   |   |   |   |   |   |          
          |S44|S45|S46|S47|S0 |S1 |S2 |S3 |S4 |S5 |S6 |S7 |S8 |S9 |S10|S11|S12|S13|S14|S15|S16|          
----------------------------|-----------------------------------------------|--------------------------------
|         |                 |                                               |                 |         |
|      S43|                 |                                               |                 |S17      |
|         |           |F0P0|F1P0|F2P0|F3P0|                   |F3P1|F2P1|F1P1|F0P1|           |         |
|----------           |    |    |    |    |                   |    |    |    |    |           ----------|
|         |                                                                                   |         |
|      S42|                                                                                   |S18      |
|         |                                                                                   |         |
|----------           |    |    |    |    |                   |    |    |    |    |           ----------|
|         |           |F0P3|F0P3|F0P3|F0P3|                   |F3P2|F2P2|F1P2|F0P2|           |         |
|      S41|                 |                                               |                 |S19      |
|         |                 |                                               |                 |         |
----------------------------|-----------------------------------------------|----------------------------
          |S40|S39|S38|S37|S36|S35|S34|S33|S32|S31|S30|S29|S28|S27|S26|S25|S24|S23|S22|S21|S20|          
          | P0|   |   |   |   |   |   |   |   | P3|   |   |   |   |   |   |   |   |   |   |   |          
          ------------------|-----------------------------------------------|------------------          
                            |                                               |                            
   | H3P3 | H2P3 | H1P3 | H0P3 |                                         | H0P2 | H1P2 | H2P2 | H3P2 |   
   |  P3  |  P3  |      |      |                                         |      |  P2  |  P2  |  P2  |   

Player: Player 2
Cards: [DIAMOND_10, HEART_8, HEART_JOKER, HEART_K, SPADE_4]
Selected [  ,  , ]
Turn was successfull.
Commands:
New Game = "new", Exit game = "exit": , Execute Turn = "turn"
Discard cards = "discard", Select card = "card,[name]", Select square = "square,[name]"
